2025-06-21 18:21:44,836 - INFO - 开始处理 500 所大学
2025-06-21 18:21:44,837 - INFO - 先处理前 50 所大学作为测试
2025-06-21 18:21:44,837 - INFO - 处理第 1/50 所大学: Liverpool John Moores University (排名 501)
2025-06-21 18:21:57,502 - INFO - 处理第 2/50 所大学: Nottingham Trent University (排名 502)
2025-06-21 18:22:09,813 - INFO - 处理第 3/50 所大学: Politecnico di Bari (排名 503)
2025-06-21 18:22:22,285 - INFO - 处理第 4/50 所大学: Universita' degli Studi di Ferrara (排名 504)
2025-06-21 18:22:34,635 - INFO - 处理第 5/50 所大学: University of Salamanca (排名 505)
2025-06-21 18:22:47,279 - INFO - 处理第 6/50 所大学: Technical University of Dortmund (排名 506)
2025-06-21 18:23:00,027 - INFO - 处理第 7/50 所大学: Ewha Womans University (排名 507)
2025-06-21 18:23:12,265 - INFO - 处理第 8/50 所大学: University of Modena and Reggio Emilia (排名 508)
2025-06-21 18:23:24,885 - INFO - 处理第 9/50 所大学: University of Messina (排名 509)
2025-06-21 18:23:37,011 - INFO - 处理第 10/50 所大学: Oklahoma State University (排名 510)
2025-06-21 18:23:47,160 - INFO - 进度已保存到: progress_simple_0_10.json
2025-06-21 18:23:49,161 - INFO - 处理第 11/50 所大学: University of Parma (排名 511)
2025-06-21 18:24:00,857 - INFO - 处理第 12/50 所大学: State University of New York Albany (排名 512)
2025-06-21 18:24:12,523 - INFO - 处理第 13/50 所大学: Asia University (排名 513)
2025-06-21 18:24:24,889 - INFO - 处理第 14/50 所大学: Taipei Medical University (排名 514)
2025-06-21 18:24:36,596 - INFO - 处理第 15/50 所大学: Johannes Kepler University Linz (排名 515)
2025-06-21 18:24:47,784 - INFO - 处理第 16/50 所大学: University of Salerno (排名 516)
2025-06-21 18:24:59,940 - INFO - 处理第 17/50 所大学: University of Limerick (排名 517)
2025-06-21 18:25:11,846 - INFO - 处理第 18/50 所大学: Auburn University (排名 518)
2025-06-21 18:25:23,721 - INFO - 处理第 19/50 所大学: University of Crete (排名 519)
2025-06-21 18:25:35,724 - INFO - 处理第 20/50 所大学: Memorial University of Newfoundland (排名 520)
2025-06-21 18:25:45,383 - INFO - 进度已保存到: progress_simple_0_20.json
2025-06-21 18:25:47,384 - INFO - 处理第 21/50 所大学: Sunway University (排名 521)
2025-06-21 18:25:59,319 - INFO - 处理第 22/50 所大学: University of Palermo (排名 522)
2025-06-21 18:26:11,519 - INFO - 处理第 23/50 所大学: Ulster University (排名 523)
2025-06-21 18:26:23,594 - INFO - 处理第 24/50 所大学: Free University of Bozen-Bolzano (排名 524)
2025-06-21 18:26:35,430 - INFO - 处理第 25/50 所大学: National Sun Yat-Sen University (排名 525)
2025-06-21 18:26:47,359 - INFO - 处理第 26/50 所大学: University of Zagreb (排名 526)
2025-06-21 18:26:59,373 - INFO - 处理第 27/50 所大学: University of Szeged (排名 527)
2025-06-21 18:27:11,311 - INFO - 处理第 28/50 所大学: Nanjing Normal University (排名 528)
2025-06-21 18:27:23,373 - INFO - 处理第 29/50 所大学: Novosibirsk State University (排名 529)
2025-06-21 18:27:35,557 - INFO - 处理第 30/50 所大学: University of Arkansas (排名 530)
2025-06-21 18:27:45,103 - INFO - 进度已保存到: progress_simple_0_30.json
2025-06-21 18:27:47,104 - INFO - 处理第 31/50 所大学: Hacettepe University (排名 531)
2025-06-21 18:27:58,764 - INFO - 处理第 32/50 所大学: The University of Texas at San Antonio (排名 532)
2025-06-21 18:28:10,389 - INFO - 处理第 33/50 所大学: North-West University (排名 533)
2025-06-21 18:28:22,056 - INFO - 处理第 34/50 所大学: Yeungnam University (排名 534)
2025-06-21 18:28:33,857 - INFO - 处理第 35/50 所大学: Alexandria University (排名 535)
2025-06-21 18:28:45,694 - INFO - 处理第 36/50 所大学: Federal University of Sao Paulo (排名 536)
2025-06-21 18:28:57,315 - INFO - 处理第 37/50 所大学: King Faisal University (排名 537)
2025-06-21 18:29:09,450 - INFO - 处理第 38/50 所大学: Chiang Mai University (排名 538)
2025-06-21 18:29:20,969 - INFO - 处理第 39/50 所大学: Al-Azhar University (排名 539)
2025-06-21 18:29:33,062 - INFO - 处理第 40/50 所大学: Universidad de Zaragoza (排名 540)
2025-06-21 18:29:43,031 - INFO - 进度已保存到: progress_simple_0_40.json
2025-06-21 18:29:45,033 - INFO - 处理第 41/50 所大学: Graz University of Technology (排名 541)
2025-06-21 18:29:56,887 - INFO - 处理第 42/50 所大学: University of Maryland, Baltimore County (排名 542)
2025-06-21 18:30:08,977 - INFO - 处理第 43/50 所大学: Vilnius University (排名 543)
2025-06-21 18:30:20,597 - INFO - 处理第 44/50 所大学: New Jersey Institute of Technology (排名 544)
2025-06-21 18:30:32,410 - INFO - 处理第 45/50 所大学: University of Greenwich (排名 545)
2025-06-21 18:30:43,745 - INFO - 处理第 46/50 所大学: Ural Federal University (排名 546)
2025-06-21 18:30:55,603 - INFO - 处理第 47/50 所大学: Palacky University Olomouc (排名 547)
2025-06-21 18:31:07,370 - INFO - 处理第 48/50 所大学: University of the Punjab (排名 548)
2025-06-21 18:31:19,055 - INFO - 处理第 49/50 所大学: Mississippi State University (排名 549)
2025-06-21 18:31:31,220 - INFO - 处理第 50/50 所大学: Konkuk University (排名 550)
2025-06-21 18:31:41,293 - INFO - 进度已保存到: progress_simple_0_50.json
2025-06-21 18:31:43,294 - INFO - 测试完成! 成功获取邮箱的大学: 7/50
2025-06-21 18:31:43,297 - INFO - 进度已保存到: universities_emails_test.json
2025-06-21 18:31:43,313 - INFO - 数据已导出到: universities_emails_test.csv
2025-06-21 18:31:43,314 - INFO - 继续处理剩余大学...
2025-06-21 18:31:43,314 - INFO - 处理第 51/500 所大学: Chang Gung University (排名 551)
2025-06-21 18:31:55,128 - INFO - 处理第 52/500 所大学: Universidad de Alcala (排名 552)
2025-06-21 18:32:07,138 - INFO - 处理第 53/500 所大学: The University of Alabama (排名 553)
2025-06-21 18:32:18,818 - INFO - 处理第 54/500 所大学: Istanbul University (排名 554)
2025-06-21 18:32:30,871 - INFO - 处理第 55/500 所大学: The University of Texas at Arlington (排名 555)
2025-06-21 18:32:42,501 - INFO - 处理第 56/500 所大学: Northwest University (排名 556)
2025-06-21 18:32:54,431 - INFO - 处理第 57/500 所大学: University of Calabria (排名 557)
2025-06-21 18:33:06,420 - INFO - 处理第 58/500 所大学: Aligarh Muslim University (排名 558)
2025-06-21 18:33:17,844 - INFO - 处理第 59/500 所大学: Norwegian University of Life Sciences (排名 559)
2025-06-21 18:33:29,608 - INFO - 处理第 60/500 所大学: University of Alaska - Fairbanks (排名 560)
2025-06-21 18:33:39,570 - INFO - 进度已保存到: progress_simple_50_60.json
2025-06-21 18:33:41,571 - INFO - 处理第 61/500 所大学: Harbin Engineering University (排名 561)
2025-06-21 18:33:53,151 - INFO - 处理第 62/500 所大学: Okayama University (排名 562)
2025-06-21 18:34:05,422 - INFO - 处理第 63/500 所大学: Ohio University (排名 563)
2025-06-21 18:34:17,280 - INFO - 处理第 64/500 所大学: Chonnam National University (排名 564)
2025-06-21 18:34:29,479 - INFO - 处理第 65/500 所大学: Czech University of Life Sciences in Prague (排名 565)
2025-06-21 18:34:41,186 - INFO - 处理第 66/500 所大学: Jeonbuk National University (排名 566)
2025-06-21 18:34:53,132 - INFO - 处理第 67/500 所大学: Lehigh University (排名 567)
2025-06-21 18:35:05,089 - INFO - 处理第 68/500 所大学: University of New Brunswick (排名 568)
2025-06-21 18:35:16,605 - INFO - 处理第 69/500 所大学: Czech Technical University in Prague (排名 569)
2025-06-21 18:35:28,477 - INFO - 处理第 70/500 所大学: University of Wyoming (排名 570)
2025-06-21 18:35:38,266 - INFO - 进度已保存到: progress_simple_50_70.json
2025-06-21 18:35:40,267 - INFO - 处理第 71/500 所大学: University of International Business and Economics (排名 571)
2025-06-21 18:35:52,157 - INFO - 处理第 72/500 所大学: Binghamton University (排名 572)
2025-06-21 18:35:52,159 - ERROR - 搜索查询失败 "Binghamton University" "United States" official website: ('Connection aborted.', ConnectionResetError(10054, '远程主机强迫关闭了一个现有的连接。', None, 10054, None))
2025-06-21 18:36:03,208 - ERROR - 搜索查询失败 "Binghamton University" "United States" university website: HTTPSConnectionPool(host='www.google.com', port=443): Max retries exceeded with url: /search?q=%22Binghamton%20University%22%20%22United%20States%22%20university%20website (Caused by NameResolutionError("<urllib3.connection.HTTPSConnection object at 0x00000258AB9ACF50>: Failed to resolve 'www.google.com' ([Errno 11001] getaddrinfo failed)"))
2025-06-21 18:36:17,075 - INFO - 处理第 73/500 所大学: University of Bradford (排名 573)
2025-06-21 18:36:33,800 - INFO - 处理第 74/500 所大学: Federal University of Santa Catarina (排名 574)
2025-06-21 18:36:51,074 - INFO - 处理第 75/500 所大学: San Diego State University (排名 575)
2025-06-21 18:37:08,678 - INFO - 处理第 76/500 所大学: Maynooth University (排名 576)
2025-06-21 18:37:26,467 - INFO - 处理第 77/500 所大学: Banaras Hindu University (排名 577)
2025-06-21 18:37:44,079 - INFO - 处理第 78/500 所大学: Inha University (排名 578)
2025-06-21 18:38:00,836 - INFO - 处理第 79/500 所大学: National University of Colombia (排名 579)
2025-06-21 18:38:17,823 - INFO - 处理第 80/500 所大学: University of Murcia (排名 580)
2025-06-21 18:38:33,149 - INFO - 进度已保存到: progress_simple_50_80.json
2025-06-21 18:38:35,150 - INFO - 处理第 81/500 所大学: Ajou University (排名 581)
2025-06-21 18:38:52,212 - INFO - 处理第 82/500 所大学: Zagazig University (排名 582)
2025-06-21 18:39:09,134 - INFO - 处理第 83/500 所大学: Chiba University (排名 583)
2025-06-21 18:39:26,077 - INFO - 处理第 84/500 所大学: Brno University of Technology (排名 584)
2025-06-21 18:39:43,248 - INFO - 处理第 85/500 所大学: University of Toledo (排名 585)
2025-06-21 18:40:00,176 - INFO - 处理第 86/500 所大学: Xi‘an Jiaotong-Liverpool University (排名 586)
2025-06-21 18:40:17,860 - INFO - 处理第 87/500 所大学: The University of Lahore (排名 587)
2025-06-21 18:40:35,479 - INFO - 处理第 88/500 所大学: University of Vigo (排名 588)
2025-06-21 18:40:52,492 - INFO - 处理第 89/500 所大学: University of the Sunshine Coast (排名 589)
2025-06-21 18:41:09,986 - INFO - 处理第 90/500 所大学: Universidad de Concepción (排名 590)
2025-06-21 18:41:24,646 - INFO - 进度已保存到: progress_simple_50_90.json
2025-06-21 18:41:26,648 - INFO - 处理第 91/500 所大学: University of Rhode Island (排名 591)
2025-06-21 18:41:44,047 - INFO - 处理第 92/500 所大学: Qassim University (排名 592)
2025-06-21 18:42:01,127 - INFO - 处理第 93/500 所大学: Manipal Academy of Higher Education (排名 593)
2025-06-21 18:42:18,349 - INFO - 处理第 94/500 所大学: University of Alicante (排名 594)
2025-06-21 18:42:35,376 - INFO - 处理第 95/500 所大学: University of Hertfordshire (排名 595)
2025-06-21 18:42:52,813 - INFO - 处理第 96/500 所大学: Universidade de Brasília (排名 596)
2025-06-21 18:43:10,031 - INFO - 处理第 97/500 所大学: Charles Sturt University (排名 597)
2025-06-21 18:43:26,881 - INFO - 处理第 98/500 所大学: Comenius University in Bratislava (排名 598)
2025-06-21 18:43:43,958 - INFO - 处理第 99/500 所大学: University of Regina (排名 599)
2025-06-21 18:44:00,827 - INFO - 处理第 100/500 所大学: The Catholic University of Korea (排名 600)
2025-06-21 18:44:15,903 - INFO - 进度已保存到: progress_simple_50_100.json
2025-06-21 18:44:17,904 - INFO - 处理第 101/500 所大学: University of Castilla-La Mancha (排名 601)
2025-06-21 18:44:34,849 - INFO - 处理第 102/500 所大学: National Central University (排名 602)
2025-06-21 18:44:52,582 - INFO - 处理第 103/500 所大学: University of Patras (排名 603)
2025-06-21 18:45:10,536 - INFO - 处理第 104/500 所大学: Warsaw University of Technology (排名 604)
2025-06-21 18:45:28,161 - INFO - 处理第 105/500 所大学: University of Ghana (排名 605)
2025-06-21 18:45:45,187 - INFO - 处理第 106/500 所大学: AGH University of Krakow (排名 606)
2025-06-21 18:46:02,111 - INFO - 处理第 107/500 所大学: Adam Mickiewicz University (排名 607)
2025-06-21 18:46:19,125 - INFO - 处理第 108/500 所大学: Karolinska Institute (排名 608)
2025-06-21 18:46:36,633 - INFO - 处理第 109/500 所大学: Chung-Ang University (排名 609)
2025-06-21 18:46:53,616 - INFO - 处理第 110/500 所大学: Universidad de Cordoba (排名 610)
2025-06-21 18:47:08,693 - INFO - 进度已保存到: progress_simple_50_110.json
2025-06-21 18:47:10,694 - INFO - 处理第 111/500 所大学: Utrecht University (排名 611)
2025-06-21 18:47:27,732 - INFO - 处理第 112/500 所大学: Florida Atlantic University (排名 612)
2025-06-21 18:47:44,913 - INFO - 处理第 113/500 所大学: University of Texas at El Paso (排名 613)
2025-06-21 18:48:01,865 - INFO - 处理第 114/500 所大学: Gdansk University of Technology (排名 614)
2025-06-21 18:48:19,060 - INFO - 处理第 115/500 所大学: University of Zurich (排名 615)
2025-06-21 18:48:35,684 - INFO - 处理第 116/500 所大学: Tanta University (排名 616)
2025-06-21 18:48:52,714 - INFO - 处理第 117/500 所大学: Humboldt University of Berlin (排名 617)
2025-06-21 18:49:10,017 - INFO - 处理第 118/500 所大学: Universidad de Oviedo (排名 618)
2025-06-21 18:49:26,914 - INFO - 处理第 119/500 所大学: Free University of Berlin (排名 619)
2025-06-21 18:49:44,185 - INFO - 处理第 120/500 所大学: Universitat de Lleida (排名 620)
2025-06-21 18:49:59,546 - INFO - 进度已保存到: progress_simple_50_120.json
2025-06-21 18:50:01,547 - INFO - 处理第 121/500 所大学: Suez Canal University (排名 621)
2025-06-21 18:50:19,813 - INFO - 处理第 122/500 所大学: Chungnam National University (排名 622)
2025-06-21 18:50:36,826 - INFO - 处理第 123/500 所大学: Yokohama City University (排名 623)
2025-06-21 18:50:54,111 - INFO - 处理第 124/500 所大学: Osaka Metropolitan University (排名 624)
2025-06-21 18:51:11,504 - INFO - 处理第 125/500 所大学: University of South Africa (排名 625)
2025-06-21 18:51:28,294 - INFO - 处理第 126/500 所大学: National Chung Hsing University (排名 626)
2025-06-21 18:51:44,824 - INFO - 处理第 127/500 所大学: Federal University of Parana (排名 627)
2025-06-21 18:52:01,992 - INFO - 处理第 128/500 所大学: Université de Poitiers (排名 628)
2025-06-21 18:52:18,806 - INFO - 处理第 129/500 所大学: SRM Institute of Science and Technology (排名 629)
2025-06-21 18:52:35,949 - INFO - 处理第 130/500 所大学: Tokyo University of Science (排名 630)
2025-06-21 18:52:51,394 - INFO - 进度已保存到: progress_simple_50_130.json
2025-06-21 18:52:53,396 - INFO - 处理第 131/500 所大学: Ankara Üniversitesi (排名 631)
2025-06-21 18:53:10,250 - INFO - 处理第 132/500 所大学: Institut Polytechnique de Paris (排名 632)
2025-06-21 18:53:27,119 - INFO - 处理第 133/500 所大学: Kanazawa University (排名 633)
2025-06-21 18:53:43,880 - INFO - 处理第 134/500 所大学: Kumamoto University (排名 634)
2025-06-21 18:54:00,489 - INFO - 处理第 135/500 所大学: Federal University of Sao Carlos (排名 635)
2025-06-21 18:54:17,169 - INFO - 处理第 136/500 所大学: Nagasaki University (排名 636)
2025-06-21 18:54:34,198 - INFO - 处理第 137/500 所大学: Budapest University of Technology & Economics (排名 637)
2025-06-21 18:54:51,456 - INFO - 处理第 138/500 所大学: Shinshu University (排名 638)
2025-06-21 18:55:08,597 - INFO - 处理第 139/500 所大学: Medical University of Vienna (排名 639)
2025-06-21 18:55:25,459 - INFO - 处理第 140/500 所大学: University of Central Lancashire (排名 640)
2025-06-21 18:55:40,534 - INFO - 进度已保存到: progress_simple_50_140.json
2025-06-21 18:55:42,535 - INFO - 处理第 141/500 所大学: Chungbuk National University (排名 641)
2025-06-21 18:56:00,120 - INFO - 处理第 142/500 所大学: Oregon Health & Science University (排名 642)
2025-06-21 18:56:17,518 - INFO - 处理第 143/500 所大学: Lomonosov Moscow State University (排名 643)
2025-06-21 18:56:34,615 - INFO - 处理第 144/500 所大学: Nicolaus Copernicus University (排名 644)
2025-06-21 18:56:51,763 - INFO - 处理第 145/500 所大学: Central South University (排名 645)
2025-06-21 18:57:10,123 - INFO - 处理第 146/500 所大学: Shandong University (排名 646)
2025-06-21 18:57:37,656 - INFO - 处理第 147/500 所大学: Universidad de Buenos Aires (UBA) (排名 647)
2025-06-21 18:57:54,972 - INFO - 处理第 148/500 所大学: Tokyo University of Agriculture and Technology (排名 648)
2025-06-21 18:58:12,082 - INFO - 处理第 149/500 所大学: Federal University of Santa Maria (排名 649)
2025-06-21 18:58:29,392 - INFO - 处理第 150/500 所大学: Universidad de Valladolid (排名 650)
2025-06-21 18:58:44,812 - INFO - 进度已保存到: progress_simple_50_150.json
2025-06-21 18:58:46,813 - INFO - 处理第 151/500 所大学: Ataturk University (排名 651)
2025-06-21 18:59:04,179 - INFO - 处理第 152/500 所大学: Shanghai Normal University (排名 652)
2025-06-21 18:59:20,878 - INFO - 处理第 153/500 所大学: National University of Cordoba (排名 653)
2025-06-21 18:59:38,431 - INFO - 处理第 154/500 所大学: Zhengzhou University (排名 654)
2025-06-21 18:59:55,487 - INFO - 处理第 155/500 所大学: Université de Strasbourg (排名 655)
2025-06-21 19:00:12,398 - INFO - 处理第 156/500 所大学: Ege University (排名 656)
